12:47:16 **** Incremental Build of configuration Debug for project cpu ****
make all 
Building file: ../cpu.c
Invoking: GCC C Compiler
gcc -I"/home/utnso/git/tp-2015-2c-signiorcodigo/libreriaSigniorCodigo" -O0 -g3 -Wall -c -fmessage-length=0 -MMD -MP -MF"cpu.d" -MT"cpu.d" -o "cpu.o" "../cpu.c"
../cpu.c: In function ‘correrArchivo’:
../cpu.c:56:5: warning: passing argument 1 of ‘fopen’ makes pointer from integer without a cast [enabled by default]
     archivo = fopen(mensaje, "r");
     ^
In file included from ../cpu.c:6:0:
/usr/include/stdio.h:272:14: note: expected ‘const char * __restrict__’ but argument is of type ‘int’
 extern FILE *fopen (const char *__restrict __filename,
              ^
../cpu.c:58:5: warning: implicit declaration of function ‘eof’ [-Wimplicit-function-declaration]
     while(!eof(archivo)){
     ^
../cpu.c:59:7: warning: implicit declaration of function ‘readline’ [-Wimplicit-function-declaration]
       linea = readline(archivo);
       ^
../cpu.c:59:13: warning: assignment makes pointer from integer without a cast [enabled by default]
       linea = readline(archivo);
             ^
../cpu.c:60:7: warning: implicit declaration of function ‘ejecutar’ [-Wimplicit-function-declaration]
       ejecutar(linea, serverMemoria, serverPlanificador);
       ^
Finished building: ../cpu.c
 
Building target: cpu
Invoking: GCC C Linker
gcc -L"/home/utnso/git/tp-2015-2c-signiorcodigo/libreriaSigniorCodigo/Debug" -L/home/utnso/git/tp-2015-2c-signiorcodigo/so-commons-library/src/commons -o "cpu"  ./cpu.o   -llibreriaSigniorCodigo
Finished building target: cpu
 

12:47:16 Build Finished (took 320ms)

