13:35:08 **** Incremental Build of configuration Debug for project libreriaSigniorCodigo ****
make all 
Building file: ../libreriaCPU.c
Invoking: GCC C Compiler
gcc -O0 -g3 -Wall -c -fmessage-length=0 -MMD -MP -MF"libreriaCPU.d" -MT"libreriaCPU.d" -o "libreriaCPU.o" "../libreriaCPU.c"
../libreriaCPU.c: In function ‘serializarEmpaquetado’:
../libreriaCPU.c:48:2: warning: passing argument 2 of ‘memcpy’ makes pointer from integer without a cast [enabled by default]
  memcpy(buffer + tamanio, instruccionEmpaquetada.cantidadDePaginas, sizeof(int));
  ^
In file included from ../libreriaCPU.c:12:0:
/usr/include/string.h:46:14: note: expected ‘const void * __restrict__’ but argument is of type ‘int’
 extern void *memcpy (void *__restrict __dest, const void *__restrict __src,
              ^
../libreriaCPU.c: In function ‘ejecutar’:
../libreriaCPU.c:61:14: warning: initialization makes integer from pointer without a cast [enabled by default]
  int valor = array[1];
              ^
../libreriaCPU.c:73:3: warning: passing argument 2 of ‘recv’ makes pointer from integer without a cast [enabled by default]
   recv(serverMemoria, estadoDeEjecucion, sizeof(int), 0);
   ^
In file included from ../libreriaCPU.c:9:0:
/usr/include/i386-linux-gnu/sys/socket.h:156:16: note: expected ‘void *’ but argument is of type ‘int’
 extern ssize_t recv (int __fd, void *__buf, size_t __n, int __flags);
                ^
../libreriaCPU.c:83:3: warning: passing argument 2 of ‘recv’ makes pointer from integer without a cast [enabled by default]
   recv(serverMemoria, contenidoDePagina, sizeof(int), 0);
   ^
In file included from ../libreriaCPU.c:9:0:
/usr/include/i386-linux-gnu/sys/socket.h:156:16: note: expected ‘void *’ but argument is of type ‘int’
 extern ssize_t recv (int __fd, void *__buf, size_t __n, int __flags);
                ^
../libreriaCPU.c:84:3: warning: too many arguments for format [-Wformat-extra-args]
   printf("proceso %d", idProceso, "página %d", valor, "leida: %s", contenidoDePagina);
   ^
../libreriaCPU.c:89:3: warning: passing argument 2 of ‘recv’ makes pointer from integer without a cast [enabled by default]
   recv(serverMemoria, contenidoDePagina, sizeof(int), 0);
   ^
In file included from ../libreriaCPU.c:9:0:
/usr/include/i386-linux-gnu/sys/socket.h:156:16: note: expected ‘void *’ but argument is of type ‘int’
 extern ssize_t recv (int __fd, void *__buf, size_t __n, int __flags);
                ^
../libreriaCPU.c:90:3: warning: too many arguments for format [-Wformat-extra-args]
   printf("proceso %d", idProceso, " -Página %d", valor, "escrita: %s", contenidoDePagina);
   ^
../libreriaCPU.c:99:3: warning: too many arguments for format [-Wformat-extra-args]
   printf("proceso %d", idProceso, "finalizado.");
   ^
../libreriaCPU.c:73:7: warning: ‘estadoDeEjecucion’ may be used uninitialized in this function [-Wmaybe-uninitialized]
   recv(serverMemoria, estadoDeEjecucion, sizeof(int), 0);
       ^
../libreriaCPU.c:83:7: warning: ‘contenidoDePagina’ may be used uninitialized in this function [-Wmaybe-uninitialized]
   recv(serverMemoria, contenidoDePagina, sizeof(int), 0);
       ^
Finished building: ../libreriaCPU.c
 
Building target: liblibreriaSigniorCodigo.so
Invoking: GCC C Linker
gcc -shared -o "liblibreriaSigniorCodigo.so"  ./libSockets.o ./libreriaCPU.o ./planificadorFunctions.o ./swapFunctions.o   -lcommons
Finished building target: liblibreriaSigniorCodigo.so
 

13:35:08 Build Finished (took 170ms)

